<?xml version="1.0" encoding="UTF-8"?>
<!-- Generated by org.testng.reporters.JUnitXMLReporter -->
<testsuite ignored="0" hostname="DESKTOP-4QRLMTN" failures="0" tests="3" name="Default test" time="2.159" errors="0" timestamp="2023-10-01T08:26:44 IST">
  <testcase classname="com.selenium.TestCase.Registration" name="testing" time="0.717"/>
  <testcase classname="com.selenium.TestCase.Registration" name="Radio" time="0.499"/>
  <testcase classname="com.selenium.TestCase.Registration" name="Down" time="0.22"/>
</testsuite> <!-- Default test -->
