<?xml version="1.0" encoding="UTF-8"?>
<!-- Generated by org.testng.reporters.JUnitXMLReporter -->
<testsuite ignored="0" hostname="DESKTOP-4QRLMTN" failures="0" tests="3" name="Default test" time="1.736" errors="0" timestamp="2023-08-21T10:48:09 IST">
  <testcase classname="com.selenium.TestCase.Registration" name="testing" time="0.687"/>
  <testcase classname="com.selenium.TestCase.Registration" name="Radio" time="0.414"/>
  <testcase classname="com.selenium.TestCase.Registration" name="Down" time="0.184"/>
</testsuite> <!-- Default test -->
