<?xml version="1.0" encoding="UTF-8"?>
<testng-results ignored="0" total="3" passed="3" failed="0" skipped="0">
  <reporter-output>
  </reporter-output>
  <suite started-at="2023-10-01T08:26:42 IST" name="Default suite" finished-at="2023-10-01T08:26:44 IST" duration-ms="2159">
    <groups>
    </groups>
    <test started-at="2023-10-01T08:26:42 IST" name="Default test" finished-at="2023-10-01T08:26:44 IST" duration-ms="2159">
      <class name="com.selenium.TestCase.Registration">
        <test-method is-config="true" signature="start()[pri:0, instance:com.selenium.TestCase.Registration@5e2c3d18]" started-at="2023-10-01T08:26:28 IST" name="start" finished-at="2023-10-01T08:26:42 IST" duration-ms="14560" status="PASS">
          <reporter-output>
          </reporter-output>
        </test-method> <!-- start -->
        <test-method signature="testing()[pri:-1, instance:com.selenium.TestCase.Registration@5e2c3d18]" started-at="2023-10-01T08:26:43 IST" name="testing" finished-at="2023-10-01T08:26:44 IST" duration-ms="717" status="PASS">
          <reporter-output>
          </reporter-output>
        </test-method> <!-- testing -->
        <test-method signature="Radio()[pri:0, instance:com.selenium.TestCase.Registration@5e2c3d18]" started-at="2023-10-01T08:26:44 IST" name="Radio" finished-at="2023-10-01T08:26:44 IST" duration-ms="499" status="PASS">
          <reporter-output>
          </reporter-output>
        </test-method> <!-- Radio -->
        <test-method signature="Down()[pri:1, instance:com.selenium.TestCase.Registration@5e2c3d18]" started-at="2023-10-01T08:26:44 IST" name="Down" finished-at="2023-10-01T08:26:44 IST" duration-ms="220" status="PASS">
          <reporter-output>
          </reporter-output>
        </test-method> <!-- Down -->
        <test-method is-config="true" signature="teardown()[pri:0, instance:com.selenium.TestCase.Registration@5e2c3d18]" started-at="2023-10-01T08:26:45 IST" name="teardown" finished-at="2023-10-01T08:26:45 IST" duration-ms="249" status="PASS">
          <reporter-output>
          </reporter-output>
        </test-method> <!-- teardown -->
      </class> <!-- com.selenium.TestCase.Registration -->
    </test> <!-- Default test -->
  </suite> <!-- Default suite -->
</testng-results>
