<?xml version="1.0" encoding="UTF-8"?>
<testng-results ignored="0" total="3" passed="3" failed="0" skipped="0">
  <reporter-output>
  </reporter-output>
  <suite started-at="2023-08-21T10:48:07 IST" name="Default suite" finished-at="2023-08-21T10:48:09 IST" duration-ms="1736">
    <groups>
    </groups>
    <test started-at="2023-08-21T10:48:07 IST" name="Default test" finished-at="2023-08-21T10:48:09 IST" duration-ms="1736">
      <class name="com.selenium.TestCase.Registration">
        <test-method is-config="true" signature="start()[pri:0, instance:com.selenium.TestCase.Registration@31190526]" started-at="2023-08-21T10:47:53 IST" name="start" finished-at="2023-08-21T10:48:07 IST" duration-ms="13979" status="PASS">
          <reporter-output>
          </reporter-output>
        </test-method> <!-- start -->
        <test-method signature="testing()[pri:-1, instance:com.selenium.TestCase.Registration@31190526]" started-at="2023-08-21T10:48:08 IST" name="testing" finished-at="2023-08-21T10:48:08 IST" duration-ms="687" status="PASS">
          <reporter-output>
          </reporter-output>
        </test-method> <!-- testing -->
        <test-method signature="Radio()[pri:0, instance:com.selenium.TestCase.Registration@31190526]" started-at="2023-08-21T10:48:08 IST" name="Radio" finished-at="2023-08-21T10:48:09 IST" duration-ms="414" status="PASS">
          <reporter-output>
          </reporter-output>
        </test-method> <!-- Radio -->
        <test-method signature="Down()[pri:1, instance:com.selenium.TestCase.Registration@31190526]" started-at="2023-08-21T10:48:09 IST" name="Down" finished-at="2023-08-21T10:48:09 IST" duration-ms="184" status="PASS">
          <reporter-output>
          </reporter-output>
        </test-method> <!-- Down -->
        <test-method is-config="true" signature="teardown()[pri:0, instance:com.selenium.TestCase.Registration@31190526]" started-at="2023-08-21T10:48:09 IST" name="teardown" finished-at="2023-08-21T10:48:10 IST" duration-ms="204" status="PASS">
          <reporter-output>
          </reporter-output>
        </test-method> <!-- teardown -->
      </class> <!-- com.selenium.TestCase.Registration -->
    </test> <!-- Default test -->
  </suite> <!-- Default suite -->
</testng-results>
